This is pdfTeX, Version 3.14159265-2.6-1.40.18 (TeX Live 2017) (preloaded format=pdflatex 2017.5.23)  27 NOV 2017 18:04
entering extended mode
 restricted \write18 enabled.
 %&-line parsing enabled.
**report_mp3.tex
(./report_mp3.tex
LaTeX2e <2017-04-15>
Babel <3.10> and hyphenation patterns for 84 language(s) loaded.
(/usr/local/texlive/2017/texmf-dist/tex/latex/base/article.cls
Document Class: article 2014/09/29 v1.4h Standard LaTeX document class
(/usr/local/texlive/2017/texmf-dist/tex/latex/base/size10.clo
File: size10.clo 2014/09/29 v1.4h Standard LaTeX file (size option)
)
\c@part=\count79
\c@section=\count80
\c@subsection=\count81
\c@subsubsection=\count82
\c@paragraph=\count83
\c@subparagraph=\count84
\c@figure=\count85
\c@table=\count86
\abovecaptionskip=\skip41
\belowcaptionskip=\skip42
\bibindent=\dimen102
)
(/usr/local/texlive/2017/texmf-dist/tex/latex/graphics/graphicx.sty
Package: graphicx 2014/10/28 v1.0g Enhanced LaTeX Graphics (DPC,SPQR)

(/usr/local/texlive/2017/texmf-dist/tex/latex/graphics/keyval.sty
Package: keyval 2014/10/28 v1.15 key=value parser (DPC)
\KV@toks@=\toks14
)
(/usr/local/texlive/2017/texmf-dist/tex/latex/graphics/graphics.sty
Package: graphics 2017/04/14 v1.1b Standard LaTeX Graphics (DPC,SPQR)

(/usr/local/texlive/2017/texmf-dist/tex/latex/graphics/trig.sty
Package: trig 2016/01/03 v1.10 sin cos tan (DPC)
)
(/usr/local/texlive/2017/texmf-dist/tex/latex/graphics-cfg/graphics.cfg
File: graphics.cfg 2016/06/04 v1.11 sample graphics configuration
)
Package graphics Info: Driver file: pdftex.def on input line 99.

(/usr/local/texlive/2017/texmf-dist/tex/latex/graphics-def/pdftex.def
File: pdftex.def 2017/01/12 v0.06k Graphics/color for pdfTeX

(/usr/local/texlive/2017/texmf-dist/tex/generic/oberdiek/infwarerr.sty
Package: infwarerr 2016/05/16 v1.4 Providing info/warning/error messages (HO)
)
(/usr/local/texlive/2017/texmf-dist/tex/generic/oberdiek/ltxcmds.sty
Package: ltxcmds 2016/05/16 v1.23 LaTeX kernel commands for general use (HO)
)
\Gread@gobject=\count87
))
\Gin@req@height=\dimen103
\Gin@req@width=\dimen104
)
(/usr/local/texlive/2017/texmf-dist/tex/latex/amsmath/amsmath.sty
Package: amsmath 2016/11/05 v2.16a AMS math features
\@mathmargin=\skip43

For additional information on amsmath, use the `?' option.
(/usr/local/texlive/2017/texmf-dist/tex/latex/amsmath/amstext.sty
Package: amstext 2000/06/29 v2.01 AMS text

(/usr/local/texlive/2017/texmf-dist/tex/latex/amsmath/amsgen.sty
File: amsgen.sty 1999/11/30 v2.0 generic functions
\@emptytoks=\toks15
\ex@=\dimen105
))
(/usr/local/texlive/2017/texmf-dist/tex/latex/amsmath/amsbsy.sty
Package: amsbsy 1999/11/29 v1.2d Bold Symbols
\pmbraise@=\dimen106
)
(/usr/local/texlive/2017/texmf-dist/tex/latex/amsmath/amsopn.sty
Package: amsopn 2016/03/08 v2.02 operator names
)
\inf@bad=\count88
LaTeX Info: Redefining \frac on input line 213.
\uproot@=\count89
\leftroot@=\count90
LaTeX Info: Redefining \overline on input line 375.
\classnum@=\count91
\DOTSCASE@=\count92
LaTeX Info: Redefining \ldots on input line 472.
LaTeX Info: Redefining \dots on input line 475.
LaTeX Info: Redefining \cdots on input line 596.
\Mathstrutbox@=\box26
\strutbox@=\box27
\big@size=\dimen107
LaTeX Font Info:    Redeclaring font encoding OML on input line 712.
LaTeX Font Info:    Redeclaring font encoding OMS on input line 713.
\macc@depth=\count93
\c@MaxMatrixCols=\count94
\dotsspace@=\muskip10
\c@parentequation=\count95
\dspbrk@lvl=\count96
\tag@help=\toks16
\row@=\count97
\column@=\count98
\maxfields@=\count99
\andhelp@=\toks17
\eqnshift@=\dimen108
\alignsep@=\dimen109
\tagshift@=\dimen110
\tagwidth@=\dimen111
\totwidth@=\dimen112
\lineht@=\dimen113
\@envbody=\toks18
\multlinegap=\skip44
\multlinetaggap=\skip45
\mathdisplay@stack=\toks19
LaTeX Info: Redefining \[ on input line 2817.
LaTeX Info: Redefining \] on input line 2818.
)
(/usr/local/texlive/2017/texmf-dist/tex/latex/amsfonts/amssymb.sty
Package: amssymb 2013/01/14 v3.01 AMS font symbols

(/usr/local/texlive/2017/texmf-dist/tex/latex/amsfonts/amsfonts.sty
Package: amsfonts 2013/01/14 v3.01 Basic AMSFonts support
\symAMSa=\mathgroup4
\symAMSb=\mathgroup5
LaTeX Font Info:    Overwriting math alphabet `\mathfrak' in version `bold'
(Font)                  U/euf/m/n --> U/euf/b/n on input line 106.
))
(/usr/local/texlive/2017/texmf-dist/tex/latex/cancel/cancel.sty
Package: cancel 2013/04/12 v2.2 Cancel math terms
)
(/usr/local/texlive/2017/texmf-dist/tex/latex/ntheorem/ntheorem.sty
Style `ntheorem', Version 1.33 <2011/08/15>
Package: ntheorem 2011/08/15 1.33
(/usr/local/texlive/2017/texmf-dist/tex/latex/base/ifthen.sty
Package: ifthen 2014/09/29 v1.1c Standard LaTeX ifthen package (DPC)
)
\theorem@style=\toks20
\theorem@@style=\toks21
\theorembodyfont=\toks22
\theoremnumbering=\toks23
\theorempreskipamount=\skip46
\theorempostskipamount=\skip47
\theoremframepreskipamount=\skip48
\theoremframepostskipamount=\skip49
\theoreminframepreskipamount=\skip50
\theoreminframepostskipamount=\skip51
\theorem@preskip=\toks24
\theorem@postskip=\toks25
\theorem@framepreskip=\toks26
\theorem@framepostskip=\toks27
\theorem@inframepreskip=\toks28
\theorem@inframepostskip=\toks29
\theoremindent=\dimen114
\theorem@indent=\dimen115
\theoremrightindent=\dimen116
\theorem@rightindent=\dimen117
\theoremheaderfont=\toks30
\theoremseparator=\toks31
\theoremprework=\toks32
\theorempostwork=\toks33
\theoremsymbol=\toks34
\qedsymbol=\toks35
\theoremkeyword=\toks36
\qedsymbol=\toks37
\thm@topsep=\skip52
\thm@topsepadd=\skip53
)
(/usr/local/texlive/2017/texmf-dist/tex/latex/algorithm2e/algorithm2e.sty
Package: algorithm2e 2013/01/06 v5.00 algorithms environments
\c@AlgoLine=\count100
\algocf@hangindent=\skip54

(/usr/local/texlive/2017/texmf-dist/tex/latex/tools/xspace.sty
Package: xspace 2014/10/28 v1.13 Space after command names (DPC,MH)
)
(/usr/local/texlive/2017/texmf-dist/tex/latex/relsize/relsize.sty
Package: relsize 2013/03/29 ver 4.1
)
********************************************************
Package `algorithm2e' Release 5.1 -- october 19 2015 --
- algorithm2e-announce@lirmm.fr mailing list for announcement about releases
- algorithm2e-discussion@lirmm.fr mailing list for discussion about package
subscribe by emailing sympa@lirmm.fr with 'subscribe <list> <firstname name>'
- Author: Christophe Fiorio (christophe.fiorio@umontpellier.fr)
********************************************************
\skiptotal=\skip55
\skiplinenumber=\skip56
\skiprule=\skip57
\skiphlne=\skip58
\skiptext=\skip59
\skiplength=\skip60
\algomargin=\skip61
\skipalgocfslide=\skip62
\algowidth=\dimen118
\inoutsize=\dimen119
\inoutindent=\dimen120
\interspacetitleruled=\dimen121
\interspacealgoruled=\dimen122
\interspacetitleboxruled=\dimen123
\algocf@ruledwidth=\skip63
\algocf@inoutbox=\box28
\algocf@inputbox=\box29
\AlCapSkip=\skip64
\AlCapHSkip=\skip65
\algoskipindent=\skip66
\algocf@nlbox=\box30
\algocf@hangingbox=\box31
\algocf@untilbox=\box32
\algocf@skipuntil=\skip67
\algocf@capbox=\box33
\algoheightruledefault=\skip68
\algoheightrule=\skip69
\algotitleheightruledefault=\skip70
\algotitleheightrule=\skip71
\c@algocfline=\count101
\c@algocfproc=\count102
\c@algocf=\count103
\algocf@algoframe=\box34
\algocf@algobox=\box35
) (/usr/local/texlive/2017/texmf-dist/tex/latex/float/float.sty
Package: float 2001/11/08 v1.3d Float enhancements (AL)
\c@float@type=\count104
\float@exts=\toks38
\float@box=\box36
\@float@everytoks=\toks39
\@floatcapt=\box37
)
(/usr/local/texlive/2017/texmf-dist/tex/latex/caption/caption.sty
Package: caption 2016/02/21 v3.3-144 Customizing captions (AR)

(/usr/local/texlive/2017/texmf-dist/tex/latex/caption/caption3.sty
Package: caption3 2016/05/22 v1.7-166 caption3 kernel (AR)
Package caption3 Info: TeX engine: e-TeX on input line 67.
\captionmargin=\dimen124
\captionmargin@=\dimen125
\captionwidth=\dimen126
\caption@tempdima=\dimen127
\caption@indent=\dimen128
\caption@parindent=\dimen129
\caption@hangindent=\dimen130
)
\c@ContinuedFloat=\count105
Package caption Info: float package is loaded.
)
(/usr/local/texlive/2017/texmf-dist/tex/latex/fancyvrb/fancyvrb.sty
Package: fancyvrb 2008/02/07

Style option: `fancyvrb' v2.7a, with DG/SPQR fixes, and firstline=lastline fix 
<2008/02/07> (tvz)
\FV@CodeLineNo=\count106
\FV@InFile=\read1
\FV@TabBox=\box38
\c@FancyVerbLine=\count107
\FV@StepNumber=\count108
\FV@OutFile=\write3
)
(/usr/local/texlive/2017/texmf-dist/tex/latex/xcolor/xcolor.sty
Package: xcolor 2016/05/11 v2.12 LaTeX color extensions (UK)

(/usr/local/texlive/2017/texmf-dist/tex/latex/graphics-cfg/color.cfg
File: color.cfg 2016/01/02 v1.6 sample color configuration
)
Package xcolor Info: Driver file: pdftex.def on input line 225.
Package xcolor Info: Model `cmy' substituted by `cmy0' on input line 1348.
Package xcolor Info: Model `hsb' substituted by `rgb' on input line 1352.
Package xcolor Info: Model `RGB' extended on input line 1364.
Package xcolor Info: Model `HTML' substituted by `rgb' on input line 1366.
Package xcolor Info: Model `Hsb' substituted by `hsb' on input line 1367.
Package xcolor Info: Model `tHsb' substituted by `hsb' on input line 1368.
Package xcolor Info: Model `HSB' substituted by `hsb' on input line 1369.
Package xcolor Info: Model `Gray' substituted by `gray' on input line 1370.
Package xcolor Info: Model `wave' substituted by `hsb' on input line 1371.

(/usr/local/texlive/2017/texmf-dist/tex/latex/graphics/dvipsnam.def
File: dvipsnam.def 2016/06/17 v3.0m Driver-dependent file (DPC,SPQR)
))
(/usr/local/texlive/2017/texmf-dist/tex/latex/placeins/placeins.sty
Package: placeins 2005/04/18  v 2.2
)
(/usr/local/texlive/2017/texmf-dist/tex/latex/appendix/appendix.sty
Package: appendix 2009/09/02 v1.2b extra appendix facilities
\c@@pps=\count109
\c@@ppsavesec=\count110
\c@@ppsaveapp=\count111
)
(/usr/local/texlive/2017/texmf-dist/tex/latex/hyperref/hyperref.sty
Package: hyperref 2017/03/14 v6.85a Hypertext links for LaTeX

(/usr/local/texlive/2017/texmf-dist/tex/generic/oberdiek/hobsub-hyperref.sty
Package: hobsub-hyperref 2016/05/16 v1.14 Bundle oberdiek, subset hyperref (HO)


(/usr/local/texlive/2017/texmf-dist/tex/generic/oberdiek/hobsub-generic.sty
Package: hobsub-generic 2016/05/16 v1.14 Bundle oberdiek, subset generic (HO)
Package: hobsub 2016/05/16 v1.14 Construct package bundles (HO)
Package hobsub Info: Skipping package `infwarerr' (already loaded).
Package hobsub Info: Skipping package `ltxcmds' (already loaded).
Package: ifluatex 2016/05/16 v1.4 Provides the ifluatex switch (HO)
Package ifluatex Info: LuaTeX not detected.
Package: ifvtex 2016/05/16 v1.6 Detect VTeX and its facilities (HO)
Package ifvtex Info: VTeX not detected.
Package: intcalc 2016/05/16 v1.2 Expandable calculations with integers (HO)
Package: ifpdf 2017/03/15 v3.2 Provides the ifpdf switch
Package: etexcmds 2016/05/16 v1.6 Avoid name clashes with e-TeX commands (HO)
Package etexcmds Info: Could not find \expanded.
(etexcmds)             That can mean that you are not using pdfTeX 1.50 or
(etexcmds)             that some package has redefined \expanded.
(etexcmds)             In the latter case, load this package earlier.
Package: kvsetkeys 2016/05/16 v1.17 Key value parser (HO)
Package: kvdefinekeys 2016/05/16 v1.4 Define keys (HO)
Package: pdftexcmds 2017/03/19 v0.25 Utility functions of pdfTeX for LuaTeX (HO
)
Package pdftexcmds Info: LuaTeX not detected.
Package pdftexcmds Info: \pdf@primitive is available.
Package pdftexcmds Info: \pdf@ifprimitive is available.
Package pdftexcmds Info: \pdfdraftmode found.
Package: pdfescape 2016/05/16 v1.14 Implements pdfTeX's escape features (HO)
Package: bigintcalc 2016/05/16 v1.4 Expandable calculations on big integers (HO
)
Package: bitset 2016/05/16 v1.2 Handle bit-vector datatype (HO)
Package: uniquecounter 2016/05/16 v1.3 Provide unlimited unique counter (HO)
)
Package hobsub Info: Skipping package `hobsub' (already loaded).
Package: letltxmacro 2016/05/16 v1.5 Let assignment for LaTeX macros (HO)
Package: hopatch 2016/05/16 v1.3 Wrapper for package hooks (HO)
Package: xcolor-patch 2016/05/16 xcolor patch
Package: atveryend 2016/05/16 v1.9 Hooks at the very end of document (HO)
Package atveryend Info: \enddocument detected (standard20110627).
Package: atbegshi 2016/06/09 v1.18 At begin shipout hook (HO)
Package: refcount 2016/05/16 v3.5 Data extraction from label references (HO)
Package: hycolor 2016/05/16 v1.8 Color options for hyperref/bookmark (HO)
)
(/usr/local/texlive/2017/texmf-dist/tex/generic/ifxetex/ifxetex.sty
Package: ifxetex 2010/09/12 v0.6 Provides ifxetex conditional
)
(/usr/local/texlive/2017/texmf-dist/tex/latex/oberdiek/auxhook.sty
Package: auxhook 2016/05/16 v1.4 Hooks for auxiliary files (HO)
)
(/usr/local/texlive/2017/texmf-dist/tex/latex/oberdiek/kvoptions.sty
Package: kvoptions 2016/05/16 v3.12 Key value format for package options (HO)
)
\@linkdim=\dimen131
\Hy@linkcounter=\count112
\Hy@pagecounter=\count113

(/usr/local/texlive/2017/texmf-dist/tex/latex/hyperref/pd1enc.def
File: pd1enc.def 2017/03/14 v6.85a Hyperref: PDFDocEncoding definition (HO)
)
\Hy@SavedSpaceFactor=\count114

(/usr/local/texlive/2017/texmf-dist/tex/latex/latexconfig/hyperref.cfg
File: hyperref.cfg 2002/06/06 v1.2 hyperref configuration of TeXLive
)
Package hyperref Info: Hyper figures OFF on input line 4498.
Package hyperref Info: Link nesting OFF on input line 4503.
Package hyperref Info: Hyper index ON on input line 4506.
Package hyperref Info: Plain pages OFF on input line 4513.
Package hyperref Info: Backreferencing OFF on input line 4518.
Package hyperref Info: Implicit mode ON; LaTeX internals redefined.
Package hyperref Info: Bookmarks ON on input line 4751.
\c@Hy@tempcnt=\count115

(/usr/local/texlive/2017/texmf-dist/tex/latex/url/url.sty
\Urlmuskip=\muskip11
Package: url 2013/09/16  ver 3.4  Verb mode for urls, etc.
)
LaTeX Info: Redefining \url on input line 5104.
\XeTeXLinkMargin=\dimen132
\Fld@menulength=\count116
\Field@Width=\dimen133
\Fld@charsize=\dimen134
Package hyperref Info: Hyper figures OFF on input line 6358.
Package hyperref Info: Link nesting OFF on input line 6363.
Package hyperref Info: Hyper index ON on input line 6366.
Package hyperref Info: backreferencing OFF on input line 6373.
Package hyperref Info: Link coloring OFF on input line 6378.
Package hyperref Info: Link coloring with OCG OFF on input line 6383.
Package hyperref Info: PDF/A mode OFF on input line 6388.
LaTeX Info: Redefining \ref on input line 6428.
LaTeX Info: Redefining \pageref on input line 6432.
\Hy@abspage=\count117
\c@Item=\count118
\c@Hfootnote=\count119
)

Package hyperref Message: Driver (autodetected): hpdftex.

(/usr/local/texlive/2017/texmf-dist/tex/latex/hyperref/hpdftex.def
File: hpdftex.def 2017/03/14 v6.85a Hyperref driver for pdfTeX
\Fld@listcount=\count120
\c@bookmark@seq@number=\count121

(/usr/local/texlive/2017/texmf-dist/tex/latex/oberdiek/rerunfilecheck.sty
Package: rerunfilecheck 2016/05/16 v1.8 Rerun checks for auxiliary files (HO)
Package uniquecounter Info: New unique counter `rerunfilecheck' on input line 2
82.
)
\Hy@SectionHShift=\skip72
)
(/usr/local/texlive/2017/texmf-dist/tex/latex/subfig/subfig.sty
Package: subfig 2005/06/28 ver: 1.3 subfig package
\c@KVtest=\count122
\sf@farskip=\skip73
\sf@captopadj=\dimen135
\sf@capskip=\skip74
\sf@nearskip=\skip75
\c@subfigure=\count123
\c@subfigure@save=\count124
\c@lofdepth=\count125
\c@subtable=\count126
\c@subtable@save=\count127
\c@lotdepth=\count128
\sf@top=\skip76
\sf@bottom=\skip77
)
Package hyperref Info: Option `colorlinks' set `true' on input line 29.
\c@lemma=\count129
\c@result=\count130

(./report_mp3.aux)
\openout1 = `report_mp3.aux'.

LaTeX Font Info:    Checking defaults for OML/cmm/m/it on input line 61.
LaTeX Font Info:    ... okay on input line 61.
LaTeX Font Info:    Checking defaults for T1/cmr/m/n on input line 61.
LaTeX Font Info:    ... okay on input line 61.
LaTeX Font Info:    Checking defaults for OT1/cmr/m/n on input line 61.
LaTeX Font Info:    ... okay on input line 61.
LaTeX Font Info:    Checking defaults for OMS/cmsy/m/n on input line 61.
LaTeX Font Info:    ... okay on input line 61.
LaTeX Font Info:    Checking defaults for OMX/cmex/m/n on input line 61.
LaTeX Font Info:    ... okay on input line 61.
LaTeX Font Info:    Checking defaults for U/cmr/m/n on input line 61.
LaTeX Font Info:    ... okay on input line 61.
LaTeX Font Info:    Checking defaults for PD1/pdf/m/n on input line 61.
LaTeX Font Info:    ... okay on input line 61.

(/usr/local/texlive/2017/texmf-dist/tex/context/base/mkii/supp-pdf.mkii
[Loading MPS to PDF converter (version 2006.09.02).]
\scratchcounter=\count131
\scratchdimen=\dimen136
\scratchbox=\box39
\nofMPsegments=\count132
\nofMParguments=\count133
\everyMPshowfont=\toks40
\MPscratchCnt=\count134
\MPscratchDim=\dimen137
\MPnumerator=\count135
\makeMPintoPDFobject=\count136
\everyMPtoPDFconversion=\toks41
) (/usr/local/texlive/2017/texmf-dist/tex/latex/oberdiek/epstopdf-base.sty
Package: epstopdf-base 2016/05/15 v2.6 Base part for package epstopdf

(/usr/local/texlive/2017/texmf-dist/tex/latex/oberdiek/grfext.sty
Package: grfext 2016/05/16 v1.2 Manage graphics extensions (HO)
)
Package epstopdf-base Info: Redefining graphics rule for `.eps' on input line 4
38.
Package grfext Info: Graphics extension search list:
(grfext)             [.png,.pdf,.jpg,.mps,.jpeg,.jbig2,.jb2,.PNG,.PDF,.JPG,.JPE
G,.JBIG2,.JB2,.eps]
(grfext)             \AppendGraphicsExtensions on input line 456.

(/usr/local/texlive/2017/texmf-dist/tex/latex/latexconfig/epstopdf-sys.cfg
File: epstopdf-sys.cfg 2010/07/13 v1.3 Configuration of (r)epstopdf for TeX Liv
e
))
Package caption Info: Begin \AtBeginDocument code.
Package caption Info: subfig package v1.3 is loaded.
Package caption Info: hyperref package is loaded.
Package caption Info: End \AtBeginDocument code.
\AtBeginShipoutBox=\box40
Package hyperref Info: Link coloring ON on input line 61.

(/usr/local/texlive/2017/texmf-dist/tex/latex/hyperref/nameref.sty
Package: nameref 2016/05/21 v2.44 Cross-referencing by name of section

(/usr/local/texlive/2017/texmf-dist/tex/generic/oberdiek/gettitlestring.sty
Package: gettitlestring 2016/05/16 v1.5 Cleanup title references (HO)
)
\c@section@level=\count137
)
LaTeX Info: Redefining \ref on input line 61.
LaTeX Info: Redefining \pageref on input line 61.
LaTeX Info: Redefining \nameref on input line 61.

(./report_mp3.out) (./report_mp3.out)
\@outlinefile=\write4
\openout4 = `report_mp3.out'.

LaTeX Font Info:    Try loading font information for U+msa on input line 65.

(/usr/local/texlive/2017/texmf-dist/tex/latex/amsfonts/umsa.fd
File: umsa.fd 2013/01/14 v3.01 AMS symbols A
)
LaTeX Font Info:    Try loading font information for U+msb on input line 65.

(/usr/local/texlive/2017/texmf-dist/tex/latex/amsfonts/umsb.fd
File: umsb.fd 2013/01/14 v3.01 AMS symbols B
) [1

{/usr/local/texlive/2017/texmf-var/fonts/map/pdftex/updmap/pdftex.map}] (./repo
rt_mp3.toc)
\tf@toc=\write5
\openout5 = `report_mp3.toc'.


[2] [3] [4] [5]
<../scripts/plots/prob1/confusion_mat.png, id=225, 462.528pt x 346.896pt>
File: ../scripts/plots/prob1/confusion_mat.png Graphic file (type png)

<use ../scripts/plots/prob1/confusion_mat.png>
Package pdftex.def Info: ../scripts/plots/prob1/confusion_mat.png used on input
 line 186.
(pdftex.def)             Requested size: 323.76738pt x 242.82553pt.

<../scripts/plots/prob1/llhd4.png, id=227, 462.528pt x 346.896pt>
File: ../scripts/plots/prob1/llhd4.png Graphic file (type png)

<use ../scripts/plots/prob1/llhd4.png>
Package pdftex.def Info: ../scripts/plots/prob1/llhd4.png used on input line 19
3.
(pdftex.def)             Requested size: 113.81102pt x 85.35814pt.

<../scripts/plots/prob1/llhd9.png, id=228, 462.528pt x 346.896pt>
File: ../scripts/plots/prob1/llhd9.png Graphic file (type png)

<use ../scripts/plots/prob1/llhd9.png>
Package pdftex.def Info: ../scripts/plots/prob1/llhd9.png used on input line 19
5.
(pdftex.def)             Requested size: 113.81102pt x 85.35814pt.

<../scripts/plots/prob1/odds_4_9.png, id=229, 462.528pt x 346.896pt>
File: ../scripts/plots/prob1/odds_4_9.png Graphic file (type png)

<use ../scripts/plots/prob1/odds_4_9.png>
Package pdftex.def Info: ../scripts/plots/prob1/odds_4_9.png used on input line
 197.
(pdftex.def)             Requested size: 113.81102pt x 85.35814pt.

<../scripts/plots/prob1/llhd5.png, id=230, 462.528pt x 346.896pt>
File: ../scripts/plots/prob1/llhd5.png Graphic file (type png)

<use ../scripts/plots/prob1/llhd5.png>
Package pdftex.def Info: ../scripts/plots/prob1/llhd5.png used on input line 20
4.
(pdftex.def)             Requested size: 113.81102pt x 85.35814pt.

<../scripts/plots/prob1/llhd3.png, id=231, 462.528pt x 346.896pt>
File: ../scripts/plots/prob1/llhd3.png Graphic file (type png)

<use ../scripts/plots/prob1/llhd3.png>
Package pdftex.def Info: ../scripts/plots/prob1/llhd3.png used on input line 20
6.
(pdftex.def)             Requested size: 113.81102pt x 85.35814pt.

<../scripts/plots/prob1/odds_5_3.png, id=232, 462.528pt x 346.896pt>
File: ../scripts/plots/prob1/odds_5_3.png Graphic file (type png)

<use ../scripts/plots/prob1/odds_5_3.png>
Package pdftex.def Info: ../scripts/plots/prob1/odds_5_3.png used on input line
 208.
(pdftex.def)             Requested size: 113.81102pt x 85.35814pt.

<../scripts/plots/prob1/llhd7.png, id=233, 462.528pt x 346.896pt>
File: ../scripts/plots/prob1/llhd7.png Graphic file (type png)

<use ../scripts/plots/prob1/llhd7.png>
Package pdftex.def Info: ../scripts/plots/prob1/llhd7.png used on input line 21
5.
(pdftex.def)             Requested size: 113.81102pt x 85.35814pt.
File: ../scripts/plots/prob1/llhd9.png Graphic file (type png)
 <use ../scripts/plots/prob1/llhd9.png>
Package pdftex.def Info: ../scripts/plots/prob1/llhd9.png used on input line 21
7.
(pdftex.def)             Requested size: 113.81102pt x 85.35814pt.

<../scripts/plots/prob1/odds_7_9.png, id=234, 462.528pt x 346.896pt>
File: ../scripts/plots/prob1/odds_7_9.png Graphic file (type png)

<use ../scripts/plots/prob1/odds_7_9.png>
Package pdftex.def Info: ../scripts/plots/prob1/odds_7_9.png used on input line
 219.
(pdftex.def)             Requested size: 113.81102pt x 85.35814pt.

<../scripts/plots/prob1/llhd8.png, id=235, 462.528pt x 346.896pt>
File: ../scripts/plots/prob1/llhd8.png Graphic file (type png)

<use ../scripts/plots/prob1/llhd8.png>
Package pdftex.def Info: ../scripts/plots/prob1/llhd8.png used on input line 22
6.
(pdftex.def)             Requested size: 113.81102pt x 85.35814pt.
File: ../scripts/plots/prob1/llhd3.png Graphic file (type png)
 <use ../scripts/plots/prob1/llhd3.png>
Package pdftex.def Info: ../scripts/plots/prob1/llhd3.png used on input line 22
8.
(pdftex.def)             Requested size: 113.81102pt x 85.35814pt.

<../scripts/plots/prob1/odds_8_3.png, id=236, 462.528pt x 346.896pt>
File: ../scripts/plots/prob1/odds_8_3.png Graphic file (type png)

<use ../scripts/plots/prob1/odds_8_3.png>
Package pdftex.def Info: ../scripts/plots/prob1/odds_8_3.png used on input line
 230.
(pdftex.def)             Requested size: 113.81102pt x 85.35814pt.

<../scripts/plots/prob1/class0_minPosteriorTestData.png, id=237, 462.528pt x 34
6.896pt>
File: ../scripts/plots/prob1/class0_minPosteriorTestData.png Graphic file (type
 png)
 <use ../scripts/plots/prob1/class0_minPosteriorTestData.png>
Package pdftex.def Info: ../scripts/plots/prob1/class0_minPosteriorTestData.png
 used on input line 238.
(pdftex.def)             Requested size: 142.26378pt x 106.70032pt.

<../scripts/plots/prob1/class0_maxPosteriorTestData.png, id=238, 462.528pt x 34
6.896pt>
File: ../scripts/plots/prob1/class0_maxPosteriorTestData.png Graphic file (type
 png)
 <use ../scripts/plots/prob1/class0_maxPosteriorTestData.png>
Package pdftex.def Info: ../scripts/plots/prob1/class0_maxPosteriorTestData.png
 used on input line 240.
(pdftex.def)             Requested size: 142.26378pt x 106.70032pt.

<../scripts/plots/prob1/class1_minPosteriorTestData.png, id=239, 462.528pt x 34
6.896pt>
File: ../scripts/plots/prob1/class1_minPosteriorTestData.png Graphic file (type
 png)
 <use ../scripts/plots/prob1/class1_minPosteriorTestData.png>
Package pdftex.def Info: ../scripts/plots/prob1/class1_minPosteriorTestData.png
 used on input line 247.
(pdftex.def)             Requested size: 142.26378pt x 106.70032pt.

<../scripts/plots/prob1/class1_maxPosteriorTestData.png, id=240, 462.528pt x 34
6.896pt>
File: ../scripts/plots/prob1/class1_maxPosteriorTestData.png Graphic file (type
 png)
 <use ../scripts/plots/prob1/class1_maxPosteriorTestData.png>
Package pdftex.def Info: ../scripts/plots/prob1/class1_maxPosteriorTestData.png
 used on input line 249.
(pdftex.def)             Requested size: 142.26378pt x 106.70032pt.

<../scripts/plots/prob1/class2_minPosteriorTestData.png, id=241, 462.528pt x 34
6.896pt>
File: ../scripts/plots/prob1/class2_minPosteriorTestData.png Graphic file (type
 png)
 <use ../scripts/plots/prob1/class2_minPosteriorTestData.png>
Package pdftex.def Info: ../scripts/plots/prob1/class2_minPosteriorTestData.png
 used on input line 256.
(pdftex.def)             Requested size: 142.26378pt x 106.70032pt.

<../scripts/plots/prob1/class2_maxPosteriorTestData.png, id=242, 462.528pt x 34
6.896pt>
File: ../scripts/plots/prob1/class2_maxPosteriorTestData.png Graphic file (type
 png)
 <use ../scripts/plots/prob1/class2_maxPosteriorTestData.png>
Package pdftex.def Info: ../scripts/plots/prob1/class2_maxPosteriorTestData.png
 used on input line 258.
(pdftex.def)             Requested size: 142.26378pt x 106.70032pt.

<../scripts/plots/prob1/class3_minPosteriorTestData.png, id=243, 462.528pt x 34
6.896pt>
File: ../scripts/plots/prob1/class3_minPosteriorTestData.png Graphic file (type
 png)
 <use ../scripts/plots/prob1/class3_minPosteriorTestData.png>
Package pdftex.def Info: ../scripts/plots/prob1/class3_minPosteriorTestData.png
 used on input line 265.
(pdftex.def)             Requested size: 142.26378pt x 106.70032pt.

<../scripts/plots/prob1/class3_maxPosteriorTestData.png, id=244, 462.528pt x 34
6.896pt>
File: ../scripts/plots/prob1/class3_maxPosteriorTestData.png Graphic file (type
 png)
 <use ../scripts/plots/prob1/class3_maxPosteriorTestData.png>
Package pdftex.def Info: ../scripts/plots/prob1/class3_maxPosteriorTestData.png
 used on input line 267.
(pdftex.def)             Requested size: 142.26378pt x 106.70032pt.

<../scripts/plots/prob1/class4_minPosteriorTestData.png, id=245, 462.528pt x 34
6.896pt>
File: ../scripts/plots/prob1/class4_minPosteriorTestData.png Graphic file (type
 png)
 <use ../scripts/plots/prob1/class4_minPosteriorTestData.png>
Package pdftex.def Info: ../scripts/plots/prob1/class4_minPosteriorTestData.png
 used on input line 274.
(pdftex.def)             Requested size: 142.26378pt x 106.70032pt.

<../scripts/plots/prob1/class4_maxPosteriorTestData.png, id=246, 462.528pt x 34
6.896pt>
File: ../scripts/plots/prob1/class4_maxPosteriorTestData.png Graphic file (type
 png)
 <use ../scripts/plots/prob1/class4_maxPosteriorTestData.png>
Package pdftex.def Info: ../scripts/plots/prob1/class4_maxPosteriorTestData.png
 used on input line 276.
(pdftex.def)             Requested size: 142.26378pt x 106.70032pt.

<../scripts/plots/prob1/class5_minPosteriorTestData.png, id=247, 462.528pt x 34
6.896pt>
File: ../scripts/plots/prob1/class5_minPosteriorTestData.png Graphic file (type
 png)
 <use ../scripts/plots/prob1/class5_minPosteriorTestData.png>
Package pdftex.def Info: ../scripts/plots/prob1/class5_minPosteriorTestData.png
 used on input line 283.
(pdftex.def)             Requested size: 142.26378pt x 106.70032pt.

<../scripts/plots/prob1/class5_maxPosteriorTestData.png, id=248, 462.528pt x 34
6.896pt>
File: ../scripts/plots/prob1/class5_maxPosteriorTestData.png Graphic file (type
 png)
 <use ../scripts/plots/prob1/class5_maxPosteriorTestData.png>
Package pdftex.def Info: ../scripts/plots/prob1/class5_maxPosteriorTestData.png
 used on input line 285.
(pdftex.def)             Requested size: 142.26378pt x 106.70032pt.

<../scripts/plots/prob1/class6_minPosteriorTestData.png, id=249, 462.528pt x 34
6.896pt>
File: ../scripts/plots/prob1/class6_minPosteriorTestData.png Graphic file (type
 png)
 <use ../scripts/plots/prob1/class6_minPosteriorTestData.png>
Package pdftex.def Info: ../scripts/plots/prob1/class6_minPosteriorTestData.png
 used on input line 292.
(pdftex.def)             Requested size: 142.26378pt x 106.70032pt.

<../scripts/plots/prob1/class6_maxPosteriorTestData.png, id=250, 462.528pt x 34
6.896pt>
File: ../scripts/plots/prob1/class6_maxPosteriorTestData.png Graphic file (type
 png)
 <use ../scripts/plots/prob1/class6_maxPosteriorTestData.png>
Package pdftex.def Info: ../scripts/plots/prob1/class6_maxPosteriorTestData.png
 used on input line 294.
(pdftex.def)             Requested size: 142.26378pt x 106.70032pt.

<../scripts/plots/prob1/class7_minPosteriorTestData.png, id=251, 462.528pt x 34
6.896pt>
File: ../scripts/plots/prob1/class7_minPosteriorTestData.png Graphic file (type
 png)
 <use ../scripts/plots/prob1/class7_minPosteriorTestData.png>
Package pdftex.def Info: ../scripts/plots/prob1/class7_minPosteriorTestData.png
 used on input line 301.
(pdftex.def)             Requested size: 142.26378pt x 106.70032pt.

<../scripts/plots/prob1/class7_maxPosteriorTestData.png, id=252, 462.528pt x 34
6.896pt>
File: ../scripts/plots/prob1/class7_maxPosteriorTestData.png Graphic file (type
 png)
 <use ../scripts/plots/prob1/class7_maxPosteriorTestData.png>
Package pdftex.def Info: ../scripts/plots/prob1/class7_maxPosteriorTestData.png
 used on input line 303.
(pdftex.def)             Requested size: 142.26378pt x 106.70032pt.

<../scripts/plots/prob1/class8_minPosteriorTestData.png, id=253, 462.528pt x 34
6.896pt>
File: ../scripts/plots/prob1/class8_minPosteriorTestData.png Graphic file (type
 png)
 <use ../scripts/plots/prob1/class8_minPosteriorTestData.png>
Package pdftex.def Info: ../scripts/plots/prob1/class8_minPosteriorTestData.png
 used on input line 310.
(pdftex.def)             Requested size: 142.26378pt x 106.70032pt.

<../scripts/plots/prob1/class8_maxPosteriorTestData.png, id=254, 462.528pt x 34
6.896pt>
File: ../scripts/plots/prob1/class8_maxPosteriorTestData.png Graphic file (type
 png)
 <use ../scripts/plots/prob1/class8_maxPosteriorTestData.png>
Package pdftex.def Info: ../scripts/plots/prob1/class8_maxPosteriorTestData.png
 used on input line 312.
(pdftex.def)             Requested size: 142.26378pt x 106.70032pt.

<../scripts/plots/prob1/class9_minPosteriorTestData.png, id=255, 462.528pt x 34
6.896pt>
File: ../scripts/plots/prob1/class9_minPosteriorTestData.png Graphic file (type
 png)
 <use ../scripts/plots/prob1/class9_minPosteriorTestData.png>
Package pdftex.def Info: ../scripts/plots/prob1/class9_minPosteriorTestData.png
 used on input line 319.
(pdftex.def)             Requested size: 142.26378pt x 106.70032pt.

<../scripts/plots/prob1/class9_maxPosteriorTestData.png, id=256, 462.528pt x 34
6.896pt>
File: ../scripts/plots/prob1/class9_maxPosteriorTestData.png Graphic file (type
 png)
 <use ../scripts/plots/prob1/class9_maxPosteriorTestData.png>
Package pdftex.def Info: ../scripts/plots/prob1/class9_maxPosteriorTestData.png
 used on input line 321.
(pdftex.def)             Requested size: 142.26378pt x 106.70032pt.

Overfull \hbox (0.79999pt too wide) detected at line 364
|[]|
 []

[6 <../scripts/plots/prob1/confusion_mat.png>] [7 <../scripts/plots/prob1/llhd4
.png> <../scripts/plots/prob1/llhd9.png> <../scripts/plots/prob1/odds_4_9.png> 
<../scripts/plots/prob1/llhd5.png> <../scripts/plots/prob1/llhd3.png> <../scrip
ts/plots/prob1/odds_5_3.png>] [8 <../scripts/plots/prob1/llhd7.png> <../scripts
/plots/prob1/odds_7_9.png> <../scripts/plots/prob1/llhd8.png> <../scripts/plots
/prob1/odds_8_3.png>]
Overfull \hbox (5.58392pt too wide) in paragraph at lines 373--384
 [][] 
 []

[9 <../scripts/plots/prob1/class0_minPosteriorTestData.png> <../scripts/plots/p
rob1/class0_maxPosteriorTestData.png> <../scripts/plots/prob1/class1_minPosteri
orTestData.png> <../scripts/plots/prob1/class1_maxPosteriorTestData.png> <../sc
ripts/plots/prob1/class2_minPosteriorTestData.png> <../scripts/plots/prob1/clas
s2_maxPosteriorTestData.png>] [10 <../scripts/plots/prob1/class3_minPosteriorTe
stData.png> <../scripts/plots/prob1/class3_maxPosteriorTestData.png> <../script
s/plots/prob1/class4_minPosteriorTestData.png> <../scripts/plots/prob1/class4_m
axPosteriorTestData.png> <../scripts/plots/prob1/class5_minPosteriorTestData.pn
g> <../scripts/plots/prob1/class5_maxPosteriorTestData.png>] [11 <../scripts/pl
ots/prob1/class6_minPosteriorTestData.png> <../scripts/plots/prob1/class6_maxPo
steriorTestData.png> <../scripts/plots/prob1/class7_minPosteriorTestData.png> <
../scripts/plots/prob1/class7_maxPosteriorTestData.png> <../scripts/plots/prob1
/class8_minPosteriorTestData.png> <../scripts/plots/prob1/class8_maxPosteriorTe
stData.png>]
Overfull \hbox (0.79999pt too wide) detected at line 432
|[]|
 []

[12 <../scripts/plots/prob1/class9_minPosteriorTestData.png> <../scripts/plots/
prob1/class9_maxPosteriorTestData.png>]
Overfull \vbox (63.49283pt too high) has occurred while \output is active []


[13]
Overfull \hbox (5.58392pt too wide) in paragraph at lines 441--455
 [][] 
 []

[14]

Package hyperref Warning: Difference (2) between bookmark levels is greater 
(hyperref)                than one, level fixed on input line 467.


<../scripts/plots/prob1_face/confusion_mat.png, id=390, 462.528pt x 346.896pt>
File: ../scripts/plots/prob1_face/confusion_mat.png Graphic file (type png)

<use ../scripts/plots/prob1_face/confusion_mat.png>
Package pdftex.def Info: ../scripts/plots/prob1_face/confusion_mat.png used on 
input line 475.
(pdftex.def)             Requested size: 323.76738pt x 242.82553pt.
 [15] [16 <../scripts/plots/prob1_face/confusion_mat.png>]
<../scripts/plots/prob21/confusion_mat.png, id=404, 462.528pt x 346.896pt>
File: ../scripts/plots/prob21/confusion_mat.png Graphic file (type png)

<use ../scripts/plots/prob21/confusion_mat.png>
Package pdftex.def Info: ../scripts/plots/prob21/confusion_mat.png used on inpu
t line 493.
(pdftex.def)             Requested size: 323.76738pt x 242.82553pt.
 [17 <../scripts/plots/prob21/confusion_mat.png>]
<../scripts/plots/prob22/confusion_mat.png, id=414, 462.528pt x 346.896pt>
File: ../scripts/plots/prob22/confusion_mat.png Graphic file (type png)

<use ../scripts/plots/prob22/confusion_mat.png>
Package pdftex.def Info: ../scripts/plots/prob22/confusion_mat.png used on inpu
t line 511.
(pdftex.def)             Requested size: 323.76738pt x 242.82553pt.
 [18 <../scripts/plots/prob22/confusion_mat.png>]
LaTeX Font Info:    Try loading font information for OMS+cmr on input line 519.

 (/usr/local/texlive/2017/texmf-dist/tex/latex/base/omscmr.fd
File: omscmr.fd 2014/09/29 v2.5h Standard LaTeX font definitions
)
LaTeX Font Info:    Font shape `OMS/cmr/m/n' in size <10> not available
(Font)              Font shape `OMS/cmsy/m/n' tried instead on input line 519.
[19] [20]
\tf@thm=\write6
\openout6 = `report_mp3.thm'.

Package atveryend Info: Empty hook `BeforeClearDocument' on input line 542.
 [21]
Package atveryend Info: Empty hook `AfterLastShipout' on input line 542.
 (./report_mp3.aux)
Package atveryend Info: Executing hook `AtVeryEndDocument' on input line 542.
Package atveryend Info: Executing hook `AtEndAfterFileList' on input line 542.
Package rerunfilecheck Info: File `report_mp3.out' has not changed.
(rerunfilecheck)             Checksum: 0A5F5550123A88B6C37FED12C0EE2034;2002.
Package atveryend Info: Empty hook `AtVeryVeryEnd' on input line 542.
 )
(\end occurred inside a group at level 1)

### simple group (level 1) entered at line 1061 ({)
### bottom level 
Here is how much of TeX's memory you used:
 9801 strings out of 492995
 151652 string characters out of 6132704
 275881 words of memory out of 5000000
 13081 multiletter control sequences out of 15000+600000
 13230 words of font info for 51 fonts, out of 8000000 for 9000
 1141 hyphenation exceptions out of 8191
 36i,20n,49p,1071b,7232s stack positions out of 5000i,500n,10000p,200000b,80000s
</usr/local/texlive/2017/texmf-dist/fonts/type1/public/amsfonts
/cm/cmbx10.pfb></usr/local/texlive/2017/texmf-dist/fonts/type1/public/amsfonts/
cm/cmbx12.pfb></usr/local/texlive/2017/texmf-dist/fonts/type1/public/amsfonts/c
m/cmbx9.pfb></usr/local/texlive/2017/texmf-dist/fonts/type1/public/amsfonts/cm/
cmex10.pfb></usr/local/texlive/2017/texmf-dist/fonts/type1/public/amsfonts/cm/c
mmi10.pfb></usr/local/texlive/2017/texmf-dist/fonts/type1/public/amsfonts/cm/cm
mi5.pfb></usr/local/texlive/2017/texmf-dist/fonts/type1/public/amsfonts/cm/cmmi
7.pfb></usr/local/texlive/2017/texmf-dist/fonts/type1/public/amsfonts/cm/cmr10.
pfb></usr/local/texlive/2017/texmf-dist/fonts/type1/public/amsfonts/cm/cmr12.pf
b></usr/local/texlive/2017/texmf-dist/fonts/type1/public/amsfonts/cm/cmr17.pfb>
</usr/local/texlive/2017/texmf-dist/fonts/type1/public/amsfonts/cm/cmr5.pfb></u
sr/local/texlive/2017/texmf-dist/fonts/type1/public/amsfonts/cm/cmr7.pfb></usr/
local/texlive/2017/texmf-dist/fonts/type1/public/amsfonts/cm/cmr8.pfb></usr/loc
al/texlive/2017/texmf-dist/fonts/type1/public/amsfonts/cm/cmr9.pfb></usr/local/
texlive/2017/texmf-dist/fonts/type1/public/amsfonts/cm/cmsy10.pfb></usr/local/t
exlive/2017/texmf-dist/fonts/type1/public/amsfonts/cm/cmsy7.pfb></usr/local/tex
live/2017/texmf-dist/fonts/type1/public/amsfonts/cm/cmtt10.pfb></usr/local/texl
ive/2017/texmf-dist/fonts/type1/public/amsfonts/symbols/msbm10.pfb>
Output written on report_mp3.pdf (21 pages, 715151 bytes).
PDF statistics:
 520 PDF objects out of 1000 (max. 8388607)
 406 compressed objects within 5 object streams
 115 named destinations out of 1000 (max. 500000)
 395 words of extra memory for PDF output out of 10000 (max. 10000000)

