\BOOKMARK [1][-]{section.1}{Pong and Q Learning}{}% 1
\BOOKMARK [2][-]{subsection.1.1}{General Formulation}{section.1}% 2
\BOOKMARK [2][-]{subsection.1.2}{General Implementation}{section.1}% 3
\BOOKMARK [2][-]{subsection.1.3}{Volleying Pong Agent}{section.1}% 4
\BOOKMARK [3][-]{subsubsection.1.3.1}{Formulation}{subsection.1.3}% 5
\BOOKMARK [3][-]{subsubsection.1.3.2}{Nominal Results}{subsection.1.3}% 6
\BOOKMARK [3][-]{subsubsection.1.3.3}{Results after MDP Modification}{subsection.1.3}% 7
\BOOKMARK [2][-]{subsection.1.4}{Dualing Pong Agents}{section.1}% 8
\BOOKMARK [3][-]{subsubsection.1.4.1}{Formulation}{subsection.1.4}% 9
\BOOKMARK [3][-]{subsubsection.1.4.2}{Implementation Modifications}{subsection.1.4}% 10
\BOOKMARK [3][-]{subsubsection.1.4.3}{Nominal Results}{subsection.1.4}% 11
\BOOKMARK [3][-]{subsubsection.1.4.4}{Results after Human Playing Agent}{subsection.1.4}% 12
\BOOKMARK [3][-]{subsubsection.1.4.5}{Results}{subsection.1.4}% 13
\BOOKMARK [2][-]{subsection.1.5}{Classification of Spoken Digits}{section.1}% 14
\BOOKMARK [3][-]{subsubsection.1.5.1}{Problem Formulation}{subsection.1.5}% 15
\BOOKMARK [3][-]{subsubsection.1.5.2}{Results}{subsection.1.5}% 16
\BOOKMARK [1][-]{section.2}{Contributions}{}% 17
\BOOKMARK [1][-]{section.3}{List of Potential Extra Credit}{}% 18
\BOOKMARK [1][-]{section*.6}{Appendices}{}% 19
\BOOKMARK [1][-]{Appendix.a.A}{Open Source Software Used}{}% 20
